<?xml version="1.0" encoding="UTF-8"?>
<testng-results skipped="1" failed="0" ignored="0" total="2" passed="1">
  <reporter-output>
  </reporter-output>
  <suite name="Retry" duration-ms="15928" started-at="2020-05-01T17:05:30Z" finished-at="2020-05-01T17:05:45Z">
    <groups>
    </groups>
    <test name="Firefox Test" duration-ms="261" started-at="2020-05-01T17:05:30Z" finished-at="2020-05-01T17:05:30Z">
      <class name="eg.ext.crossbrowser.FirefoxBrowserTest">
        <test-method status="FAIL" signature="beforeTest(java.lang.String)[pri:0, instance:eg.ext.crossbrowser.FirefoxBrowserTest@31a5c39e]" name="beforeTest" is-config="true" duration-ms="221" started-at="2020-05-01T17:05:30Z" finished-at="2020-05-01T17:05:30Z">
          <params>
            <param index="0">
              <value>
                <![CDATA[Firefox]]>
              </value>
            </param>
          </params>
          <exception class="java.lang.IllegalStateException">
            <message>
              <![CDATA[The driver executable does not exist: D:\Softwares\geckodriver-v0.26.0-win64\geckodriver.exe]]>
            </message>
            <full-stacktrace>
              <![CDATA[java.lang.IllegalStateException: The driver executable does not exist: D:\Softwares\geckodriver-v0.26.0-win64\geckodriver.exe
at com.google.common.base.Preconditions.checkState(Preconditions.java:589)
at org.openqa.selenium.remote.service.DriverService.checkExecutable(DriverService.java:147)
at org.openqa.selenium.remote.service.DriverService.findExecutable(DriverService.java:142)
at org.openqa.selenium.firefox.GeckoDriverService.access$100(GeckoDriverService.java:41)
at org.openqa.selenium.firefox.GeckoDriverService$Builder.findDefaultExecutable(GeckoDriverService.java:165)
at org.openqa.selenium.remote.service.DriverService$Builder.build(DriverService.java:363)
at org.openqa.selenium.firefox.FirefoxDriver.toExecutor(FirefoxDriver.java:181)
at org.openqa.selenium.firefox.FirefoxDriver.<init>(FirefoxDriver.java:154)
at org.openqa.selenium.firefox.FirefoxDriver.<init>(FirefoxDriver.java:132)
at eg.ext.crossbrowser.BaseTest.beforeTest(BaseTest.java:30)
at sun.reflect.NativeMethodAccessorImpl.invoke0(Native Method)
at sun.reflect.NativeMethodAccessorImpl.invoke(NativeMethodAccessorImpl.java:62)
at sun.reflect.DelegatingMethodAccessorImpl.invoke(DelegatingMethodAccessorImpl.java:43)
at java.lang.reflect.Method.invoke(Method.java:498)
at org.testng.internal.MethodInvocationHelper.invokeMethod(MethodInvocationHelper.java:124)
at org.testng.internal.MethodInvocationHelper.invokeMethodConsideringTimeout(MethodInvocationHelper.java:59)
at org.testng.internal.Invoker.invokeConfigurationMethod(Invoker.java:458)
at org.testng.internal.Invoker.invokeConfigurations(Invoker.java:222)
at org.testng.internal.Invoker.invokeConfigurations(Invoker.java:142)
at org.testng.TestRunner.beforeRun(TestRunner.java:529)
at org.testng.TestRunner.run(TestRunner.java:497)
at org.testng.SuiteRunner.runTest(SuiteRunner.java:455)
at org.testng.SuiteRunner.access$000(SuiteRunner.java:40)
at org.testng.SuiteRunner$SuiteWorker.run(SuiteRunner.java:489)
at org.testng.internal.thread.ThreadUtil$1.call(ThreadUtil.java:52)
at java.util.concurrent.FutureTask.run(FutureTask.java:266)
at java.util.concurrent.ThreadPoolExecutor.runWorker(ThreadPoolExecutor.java:1149)
at java.util.concurrent.ThreadPoolExecutor$Worker.run(ThreadPoolExecutor.java:624)
at java.lang.Thread.run(Thread.java:748)
]]>
            </full-stacktrace>
          </exception> <!-- java.lang.IllegalStateException -->
          <reporter-output>
          </reporter-output>
        </test-method> <!-- beforeTest -->
        <test-method status="SKIP" signature="beforeMethod()[pri:0, instance:eg.ext.crossbrowser.FirefoxBrowserTest@31a5c39e]" name="beforeMethod" is-config="true" duration-ms="0" started-at="2020-05-01T17:05:30Z" finished-at="2020-05-01T17:05:30Z">
          <reporter-output>
          </reporter-output>
        </test-method> <!-- beforeMethod -->
        <test-method status="SKIP" signature="test01()[pri:0, instance:eg.ext.crossbrowser.FirefoxBrowserTest@31a5c39e]" name="test01" duration-ms="0" started-at="2020-05-01T17:05:30Z" finished-at="2020-05-01T17:05:30Z">
          <exception class="java.lang.IllegalStateException">
            <message>
              <![CDATA[The driver executable does not exist: D:\Softwares\geckodriver-v0.26.0-win64\geckodriver.exe]]>
            </message>
            <full-stacktrace>
              <![CDATA[java.lang.IllegalStateException: The driver executable does not exist: D:\Softwares\geckodriver-v0.26.0-win64\geckodriver.exe
at com.google.common.base.Preconditions.checkState(Preconditions.java:589)
at org.openqa.selenium.remote.service.DriverService.checkExecutable(DriverService.java:147)
at org.openqa.selenium.remote.service.DriverService.findExecutable(DriverService.java:142)
at org.openqa.selenium.firefox.GeckoDriverService.access$100(GeckoDriverService.java:41)
at org.openqa.selenium.firefox.GeckoDriverService$Builder.findDefaultExecutable(GeckoDriverService.java:165)
at org.openqa.selenium.remote.service.DriverService$Builder.build(DriverService.java:363)
at org.openqa.selenium.firefox.FirefoxDriver.toExecutor(FirefoxDriver.java:181)
at org.openqa.selenium.firefox.FirefoxDriver.<init>(FirefoxDriver.java:154)
at org.openqa.selenium.firefox.FirefoxDriver.<init>(FirefoxDriver.java:132)
at eg.ext.crossbrowser.BaseTest.beforeTest(BaseTest.java:30)
at sun.reflect.NativeMethodAccessorImpl.invoke0(Native Method)
at sun.reflect.NativeMethodAccessorImpl.invoke(NativeMethodAccessorImpl.java:62)
at sun.reflect.DelegatingMethodAccessorImpl.invoke(DelegatingMethodAccessorImpl.java:43)
at java.lang.reflect.Method.invoke(Method.java:498)
at org.testng.internal.MethodInvocationHelper.invokeMethod(MethodInvocationHelper.java:124)
at org.testng.internal.MethodInvocationHelper.invokeMethodConsideringTimeout(MethodInvocationHelper.java:59)
at org.testng.internal.Invoker.invokeConfigurationMethod(Invoker.java:458)
at org.testng.internal.Invoker.invokeConfigurations(Invoker.java:222)
at org.testng.internal.Invoker.invokeConfigurations(Invoker.java:142)
at org.testng.TestRunner.beforeRun(TestRunner.java:529)
at org.testng.TestRunner.run(TestRunner.java:497)
at org.testng.SuiteRunner.runTest(SuiteRunner.java:455)
at org.testng.SuiteRunner.access$000(SuiteRunner.java:40)
at org.testng.SuiteRunner$SuiteWorker.run(SuiteRunner.java:489)
at org.testng.internal.thread.ThreadUtil$1.call(ThreadUtil.java:52)
at java.util.concurrent.FutureTask.run(FutureTask.java:266)
at java.util.concurrent.ThreadPoolExecutor.runWorker(ThreadPoolExecutor.java:1149)
at java.util.concurrent.ThreadPoolExecutor$Worker.run(ThreadPoolExecutor.java:624)
at java.lang.Thread.run(Thread.java:748)
]]>
            </full-stacktrace>
          </exception> <!-- java.lang.IllegalStateException -->
          <reporter-output>
          </reporter-output>
        </test-method> <!-- test01 -->
        <test-method status="SKIP" signature="afterMethod()[pri:0, instance:eg.ext.crossbrowser.FirefoxBrowserTest@31a5c39e]" name="afterMethod" is-config="true" duration-ms="0" started-at="2020-05-01T17:05:30Z" finished-at="2020-05-01T17:05:30Z">
          <reporter-output>
          </reporter-output>
        </test-method> <!-- afterMethod -->
        <test-method status="SKIP" signature="afterTest()[pri:0, instance:eg.ext.crossbrowser.FirefoxBrowserTest@31a5c39e]" name="afterTest" is-config="true" duration-ms="0" started-at="2020-05-01T17:05:30Z" finished-at="2020-05-01T17:05:30Z">
          <reporter-output>
          </reporter-output>
        </test-method> <!-- afterTest -->
      </class> <!-- eg.ext.crossbrowser.FirefoxBrowserTest -->
    </test> <!-- Firefox Test -->
    <test name="Chrome Test" duration-ms="15928" started-at="2020-05-01T17:05:30Z" finished-at="2020-05-01T17:05:45Z">
      <class name="eg.ext.crossbrowser.ChromeBrowserTest">
        <test-method status="PASS" signature="beforeTest(java.lang.String)[pri:0, instance:eg.ext.crossbrowser.ChromeBrowserTest@343f4d3d]" name="beforeTest" is-config="true" duration-ms="5195" started-at="2020-05-01T17:05:30Z" finished-at="2020-05-01T17:05:35Z">
          <params>
            <param index="0">
              <value>
                <![CDATA[Chrome]]>
              </value>
            </param>
          </params>
          <reporter-output>
          </reporter-output>
        </test-method> <!-- beforeTest -->
        <test-method status="PASS" signature="beforeMethod()[pri:0, instance:eg.ext.crossbrowser.ChromeBrowserTest@343f4d3d]" name="beforeMethod" is-config="true" duration-ms="4856" started-at="2020-05-01T17:05:35Z" finished-at="2020-05-01T17:05:40Z">
          <reporter-output>
          </reporter-output>
        </test-method> <!-- beforeMethod -->
        <test-method status="PASS" signature="test01()[pri:0, instance:eg.ext.crossbrowser.ChromeBrowserTest@343f4d3d]" name="test01" duration-ms="817" started-at="2020-05-01T17:05:40Z" finished-at="2020-05-01T17:05:40Z">
          <reporter-output>
          </reporter-output>
        </test-method> <!-- test01 -->
        <test-method status="PASS" signature="afterMethod()[pri:0, instance:eg.ext.crossbrowser.ChromeBrowserTest@343f4d3d]" name="afterMethod" is-config="true" duration-ms="4348" started-at="2020-05-01T17:05:40Z" finished-at="2020-05-01T17:05:45Z">
          <reporter-output>
          </reporter-output>
        </test-method> <!-- afterMethod -->
        <test-method status="PASS" signature="afterTest()[pri:0, instance:eg.ext.crossbrowser.ChromeBrowserTest@343f4d3d]" name="afterTest" is-config="true" duration-ms="705" started-at="2020-05-01T17:05:45Z" finished-at="2020-05-01T17:05:45Z">
          <reporter-output>
          </reporter-output>
        </test-method> <!-- afterTest -->
      </class> <!-- eg.ext.crossbrowser.ChromeBrowserTest -->
    </test> <!-- Chrome Test -->
  </suite> <!-- Retry -->
</testng-results>
