<?xml version="1.0" encoding="UTF-8"?>
<!-- Generated by org.testng.reporters.JUnitReportReporter -->
<testsuite skipped="1" hostname="GEPPARLA-IN" name="WindowsAndAlerts.AlertsDemo" tests="2" failures="0" timestamp="28 Apr 2020 16:23:31 GMT" time="4.754" errors="1">
  <testcase name="beforeMethod" time="4.754" classname="WindowsAndAlerts.AlertsDemo">
    <error type="org.openqa.selenium.SessionNotCreatedException" message="session not created: This version of ChromeDriver only supports Chrome version 79
Build info: version: &#039;4.0.0-alpha-2&#039;, revision: &#039;f148142cf8&#039;, time: &#039;2019-07-01T20:55:26&#039;
System info: host: &#039;GEPPARLA-IN&#039;, ip: &#039;192.168.0.107&#039;, os.name: &#039;Windows 10&#039;, os.arch: &#039;amd64&#039;, os.version: &#039;10.0&#039;, java.version: &#039;1.8.0_231&#039;
Driver info: driver.version: ChromeDriver
remote stacktrace: Backtrace:
	Ordinal0 [0x00E9A113+1548563]
	Ordinal0 [0x00E1DDA1+1039777]
	Ordinal0 [0x00D9E485+517253]
	Ordinal0 [0x00D2FD34+64820]
	Ordinal0 [0x00D2C61E+50718]
	Ordinal0 [0x00D4B797+178071]
	Ordinal0 [0x00D4B59D+177565]
	Ordinal0 [0x00D495FB+169467]
	Ordinal0 [0x00D3160A+71178]
	Ordinal0 [0x00D32690+75408]
	Ordinal0 [0x00D32629+75305]
	Ordinal0 [0x00E371B7+1143223]
	GetHandleVerifier [0x00F32B46+507814]
	GetHandleVerifier [0x00F32864+507076]
	GetHandleVerifier [0x00F39F47+537511]
	GetHandleVerifier [0x00F33402+510050]
	Ordinal0 [0x00E2F29C+1110684]
	Ordinal0 [0x00E3938B+1151883]
	Ordinal0 [0x00E394F3+1152243]
	Ordinal0 [0x00E383F5+1147893]
	BaseThreadInitThunk [0x75AC6359+25]
	RtlGetAppContainerNamedObjectPath [0x77EA7C14+228]
	RtlGetAppContainerNamedObjectPath [0x77EA7BE4+180]
">
      <![CDATA[org.openqa.selenium.SessionNotCreatedException: session not created: This version of ChromeDriver only supports Chrome version 79
Build info: version: '4.0.0-alpha-2', revision: 'f148142cf8', time: '2019-07-01T20:55:26'
System info: host: 'GEPPARLA-IN', ip: '192.168.0.107', os.name: 'Windows 10', os.arch: 'amd64', os.version: '10.0', java.version: '1.8.0_231'
Driver info: driver.version: ChromeDriver
remote stacktrace: Backtrace:
Ordinal0 [0x00E9A113+1548563]
Ordinal0 [0x00E1DDA1+1039777]
Ordinal0 [0x00D9E485+517253]
Ordinal0 [0x00D2FD34+64820]
Ordinal0 [0x00D2C61E+50718]
Ordinal0 [0x00D4B797+178071]
Ordinal0 [0x00D4B59D+177565]
Ordinal0 [0x00D495FB+169467]
Ordinal0 [0x00D3160A+71178]
Ordinal0 [0x00D32690+75408]
Ordinal0 [0x00D32629+75305]
Ordinal0 [0x00E371B7+1143223]
GetHandleVerifier [0x00F32B46+507814]
GetHandleVerifier [0x00F32864+507076]
GetHandleVerifier [0x00F39F47+537511]
GetHandleVerifier [0x00F33402+510050]
Ordinal0 [0x00E2F29C+1110684]
Ordinal0 [0x00E3938B+1151883]
Ordinal0 [0x00E394F3+1152243]
Ordinal0 [0x00E383F5+1147893]
BaseThreadInitThunk [0x75AC6359+25]
RtlGetAppContainerNamedObjectPath [0x77EA7C14+228]
RtlGetAppContainerNamedObjectPath [0x77EA7BE4+180]

at sun.reflect.NativeConstructorAccessorImpl.newInstance0(Native Method)
at sun.reflect.NativeConstructorAccessorImpl.newInstance(NativeConstructorAccessorImpl.java:62)
at sun.reflect.DelegatingConstructorAccessorImpl.newInstance(DelegatingConstructorAccessorImpl.java:45)
at java.lang.reflect.Constructor.newInstance(Constructor.java:423)
at org.openqa.selenium.remote.W3CHandshakeResponse.lambda$errorHandler$0(W3CHandshakeResponse.java:62)
at org.openqa.selenium.remote.HandshakeResponse.lambda$getResponseFunction$0(HandshakeResponse.java:30)
at org.openqa.selenium.remote.ProtocolHandshake.lambda$createSession$1(ProtocolHandshake.java:127)
at java.util.stream.ReferencePipeline$3$1.accept(ReferencePipeline.java:193)
at java.util.Spliterators$ArraySpliterator.tryAdvance(Spliterators.java:958)
at java.util.stream.ReferencePipeline.forEachWithCancel(ReferencePipeline.java:126)
at java.util.stream.AbstractPipeline.copyIntoWithCancel(AbstractPipeline.java:499)
at java.util.stream.AbstractPipeline.copyInto(AbstractPipeline.java:486)
at java.util.stream.AbstractPipeline.wrapAndCopyInto(AbstractPipeline.java:472)
at java.util.stream.FindOps$FindOp.evaluateSequential(FindOps.java:152)
at java.util.stream.AbstractPipeline.evaluate(AbstractPipeline.java:234)
at java.util.stream.ReferencePipeline.findFirst(ReferencePipeline.java:464)
at org.openqa.selenium.remote.ProtocolHandshake.createSession(ProtocolHandshake.java:129)
at org.openqa.selenium.remote.ProtocolHandshake.createSession(ProtocolHandshake.java:75)
at org.openqa.selenium.remote.HttpCommandExecutor.execute(HttpCommandExecutor.java:139)
at org.openqa.selenium.remote.service.DriverCommandExecutor.execute(DriverCommandExecutor.java:83)
at org.openqa.selenium.remote.RemoteWebDriver.execute(RemoteWebDriver.java:576)
at org.openqa.selenium.remote.RemoteWebDriver.startSession(RemoteWebDriver.java:210)
at org.openqa.selenium.remote.RemoteWebDriver.<init>(RemoteWebDriver.java:130)
at org.openqa.selenium.chromium.ChromiumDriver.<init>(ChromiumDriver.java:73)
at org.openqa.selenium.chrome.ChromeDriver.<init>(ChromeDriver.java:163)
at org.openqa.selenium.chrome.ChromeDriver.<init>(ChromeDriver.java:150)
at org.openqa.selenium.chrome.ChromeDriver.<init>(ChromeDriver.java:105)
at WindowsAndAlerts.AlertsDemo.beforeMethod(AlertsDemo.java:27)
at sun.reflect.NativeMethodAccessorImpl.invoke0(Native Method)
at sun.reflect.NativeMethodAccessorImpl.invoke(NativeMethodAccessorImpl.java:62)
at sun.reflect.DelegatingMethodAccessorImpl.invoke(DelegatingMethodAccessorImpl.java:43)
at java.lang.reflect.Method.invoke(Method.java:498)
at org.testng.internal.MethodInvocationHelper.invokeMethod(MethodInvocationHelper.java:124)
at org.testng.internal.MethodInvocationHelper.invokeMethodConsideringTimeout(MethodInvocationHelper.java:59)
at org.testng.internal.Invoker.invokeConfigurationMethod(Invoker.java:458)
at org.testng.internal.Invoker.invokeConfigurations(Invoker.java:222)
at org.testng.internal.Invoker.invokeMethod(Invoker.java:523)
at org.testng.internal.Invoker.invokeTestMethod(Invoker.java:719)
at org.testng.internal.Invoker.invokeTestMethods(Invoker.java:989)
at org.testng.internal.TestMethodWorker.invokeTestMethods(TestMethodWorker.java:125)
at org.testng.internal.TestMethodWorker.run(TestMethodWorker.java:109)
at org.testng.TestRunner.privateRun(TestRunner.java:648)
at org.testng.TestRunner.run(TestRunner.java:505)
at org.testng.SuiteRunner.runTest(SuiteRunner.java:455)
at org.testng.SuiteRunner.runSequentially(SuiteRunner.java:450)
at org.testng.SuiteRunner.privateRun(SuiteRunner.java:415)
at org.testng.SuiteRunner.run(SuiteRunner.java:364)
at org.testng.SuiteRunnerWorker.runSuite(SuiteRunnerWorker.java:52)
at org.testng.SuiteRunnerWorker.run(SuiteRunnerWorker.java:84)
at org.testng.TestNG.runSuitesSequentially(TestNG.java:1208)
at org.testng.TestNG.runSuitesLocally(TestNG.java:1137)
at org.testng.TestNG.runSuites(TestNG.java:1049)
at org.testng.TestNG.run(TestNG.java:1017)
at org.testng.remote.AbstractRemoteTestNG.run(AbstractRemoteTestNG.java:115)
at org.testng.remote.RemoteTestNG.initAndRun(RemoteTestNG.java:251)
at org.testng.remote.RemoteTestNG.main(RemoteTestNG.java:77)
]]>
    </error>
  </testcase> <!-- beforeMethod -->
  <testcase name="alertDemo1" time="0.000" classname="WindowsAndAlerts.AlertsDemo">
    <skipped/>
  </testcase> <!-- alertDemo1 -->
</testsuite> <!-- WindowsAndAlerts.AlertsDemo -->
